14.07.2022 13:14:36;E;Config.updateConfigFile: Error updating configuration file.
14.07.2022 13:14:36;E;Config.updateConfigFile: Key = Server
14.07.2022 13:14:36;E;Config.updateConfigFile: Value = 556
14.07.2022 13:14:36;E;Config.updateConfigFile: Exception: Index was out of range. Must be non-negative and less than the size of the collection.
Parameter name: index
14.07.2022 13:15:09;E;Config.updateConfigFile: Error updating configuration file.
14.07.2022 13:15:09;E;Config.updateConfigFile: Key = Server
14.07.2022 13:15:09;E;Config.updateConfigFile: Value = 5
14.07.2022 13:15:09;E;Config.updateConfigFile: Exception: Index was out of range. Must be non-negative and less than the size of the collection.
Parameter name: index
14.07.2022 13:16:54;E;Config.updateConfigFile: Error updating configuration file.
14.07.2022 13:16:54;E;Config.updateConfigFile: Key = Server
14.07.2022 13:16:54;E;Config.updateConfigFile: Value = 555
14.07.2022 13:16:54;E;Config.updateConfigFile: Exception: Index was out of range. Must be non-negative and less than the size of the collection.
Parameter name: index
14.07.2022 13:17:02;E;Config.updateConfigFile: Error updating configuration file.
14.07.2022 13:17:02;E;Config.updateConfigFile: Key = Server
14.07.2022 13:17:02;E;Config.updateConfigFile: Value = 556
14.07.2022 13:17:02;E;Config.updateConfigFile: Exception: Index was out of range. Must be non-negative and less than the size of the collection.
Parameter name: index
14.07.2022 13:34:56;E;Config.updateConfigFile: Error updating configuration file.
14.07.2022 13:34:56;E;Config.updateConfigFile: Key = Server
14.07.2022 13:34:56;E;Config.updateConfigFile: Value = gegeg
14.07.2022 13:34:56;E;Config.updateConfigFile: Exception: Index was out of range. Must be non-negative and less than the size of the collection.
Parameter name: index
14.07.2022 14:00:19;E;Config.updateConfigFile: Error updating configuration file.
14.07.2022 14:00:19;E;Config.updateConfigFile: Key = Server
14.07.2022 14:00:19;E;Config.updateConfigFile: Value = 56666
14.07.2022 14:00:19;E;Config.updateConfigFile: Exception: Index was out of range. Must be non-negative and less than the size of the collection.
Parameter name: index
